Summary of SPARK analysis
=========================

--------------------------------------------------------------------------------------------
SPARK Analysis results        Total      Flow   CodePeer      Provers   Justified   Unproved
--------------------------------------------------------------------------------------------
Data Dependencies                 .         .          .            .           .          .
Flow Dependencies                 .         .          .            .           .          .
Initialization                    1         1          .            .           .          .
Non-Aliasing                      .         .          .            .           .          .
Run-time Checks                  40         .          .    40 (CVC4)           .          .
Assertions                        .         .          .            .           .          .
Functional Contracts              8         .          .     8 (CVC4)           .          .
LSP Verification                  .         .          .            .           .          .
Termination                       .         .          .            .           .          .
Concurrency                       .         .          .            .           .          .
--------------------------------------------------------------------------------------------
Total                            49    1 (2%)          .     48 (98%)           .          .


max steps used for successful proof: 1

Analyzed 1 unit
in unit aeroplane, 11 subprograms and packages out of 11 analyzed
  Aeroplane at aeroplane.ads:1 flow analyzed (0 errors, 0 checks and 0 warnings) and proved (0 checks)
  Aeroplane.FlightStatus at aeroplane.ads:118 flow analyzed (0 errors, 0 checks and 0 warnings) and proved (13 checks)
  Aeroplane.Landing at aeroplane.ads:107 flow analyzed (0 errors, 0 checks and 0 warnings) and proved (0 checks)
  Aeroplane.LockDoor at aeroplane.ads:63 flow analyzed (0 errors, 0 checks and 0 warnings) and proved (2 checks)
  Aeroplane.MaintainNormalFlight at aeroplane.ads:101 flow analyzed (0 errors, 0 checks and 0 warnings) and proved (21 checks)
  Aeroplane.OpenDoor at aeroplane.ads:57 flow analyzed (0 errors, 0 checks and 0 warnings) and proved (2 checks)
  Aeroplane.SetFuel at aeroplane.ads:76 flow analyzed (0 errors, 0 checks and 0 warnings) and proved (3 checks)
  Aeroplane.ShutDoor at aeroplane.ads:51 flow analyzed (0 errors, 0 checks and 0 warnings) and proved (2 checks)
  Aeroplane.TakeOff at aeroplane.ads:89 flow analyzed (0 errors, 0 checks and 0 warnings) and proved (2 checks)
  Aeroplane.Tow at aeroplane.ads:111 flow analyzed (0 errors, 0 checks and 0 warnings) and proved (1 checks)
  Aeroplane.UnlockDoor at aeroplane.ads:69 flow analyzed (0 errors, 0 checks and 0 warnings) and proved (2 checks)
