Summary of SPARK analysis
=========================

----------------------------------------------------------------------------------------------
SPARK Analysis results        Total        Flow   CodePeer      Provers   Justified   Unproved
----------------------------------------------------------------------------------------------
Data Dependencies                 .           .          .            .           .          .
Flow Dependencies                 .           .          .            .           .          .
Initialization                   12          12          .            .           .          .
Non-Aliasing                     13          13          .            .           .          .
Run-time Checks                  66           .          .    65 (CVC4)           .          1
Assertions                        .           .          .            .           .          .
Functional Contracts             33           .          .    33 (CVC4)           .          .
LSP Verification                  .           .          .            .           .          .
Termination                       .           .          .            .           .          .
Concurrency                       .           .          .            .           .          .
----------------------------------------------------------------------------------------------
Total                           124    25 (20%)          .     98 (79%)           .     1 (1%)


max steps used for successful proof: 3176

Analyzed 2 units
in unit aeroplane, 17 subprograms and packages out of 17 analyzed
  Aeroplane at aeroplane.ads:1 flow analyzed (0 errors, 0 checks and 0 warnings) and proved (0 checks)
  Aeroplane.CloseDoor at aeroplane.ads:86 flow analyzed (0 errors, 0 checks and 0 warnings) and proved (2 checks)
  Aeroplane.EngineOff at aeroplane.ads:106 flow analyzed (0 errors, 0 checks and 0 warnings) and proved (2 checks)
  Aeroplane.EngineOn at aeroplane.ads:111 flow analyzed (0 errors, 0 checks and 0 warnings) and proved (2 checks)
  Aeroplane.FlightSim at aeroplane.ads:193 flow analyzed (0 errors, 0 checks and 4 warnings) and proved (29 checks)
  Aeroplane.FlightStatus at aeroplane.ads:170 flow analyzed (0 errors, 0 checks and 0 warnings) and not proved, 26 checks out of 27 proved
  Aeroplane.LockDoor at aeroplane.ads:96 flow analyzed (0 errors, 0 checks and 0 warnings) and proved (2 checks)
  Aeroplane.MaintainNormalFlight at aeroplane.ads:153 flow analyzed (0 errors, 0 checks and 0 warnings) and proved (11 checks)
  Aeroplane.OpenDoor at aeroplane.ads:91 flow analyzed (0 errors, 0 checks and 0 warnings) and proved (2 checks)
  Aeroplane.SetFuelLevel at aeroplane.ads:81 flow analyzed (0 errors, 0 checks and 0 warnings) and proved (3 checks)
  Aeroplane.SetLanding at aeroplane.ads:160 flow analyzed (0 errors, 0 checks and 0 warnings) and proved (6 checks)
  Aeroplane.SetNormal at aeroplane.ads:144 flow analyzed (0 errors, 0 checks and 0 warnings) and proved (1 checks)
  Aeroplane.SetStationary at aeroplane.ads:117 flow analyzed (0 errors, 0 checks and 0 warnings) and proved (2 checks)
  Aeroplane.SetTakeOff at aeroplane.ads:134 flow analyzed (0 errors, 0 checks and 0 warnings) and proved (6 checks)
  Aeroplane.SetTowMode at aeroplane.ads:123 flow analyzed (0 errors, 0 checks and 0 warnings) and proved (2 checks)
  Aeroplane.SystemCheck at aeroplane.ads:186 flow analyzed (0 errors, 0 checks and 0 warnings) and proved (0 checks)
  Aeroplane.UnlockDoor at aeroplane.ads:101 flow analyzed (0 errors, 0 checks and 0 warnings) and proved (2 checks)
in unit main, 0 subprograms and packages out of 1 analyzed
  Main at main.adb:5 skipped
