Summary of SPARK analysis
=========================

-------------------------------------------------------------------------------------------
SPARK Analysis results        Total      Flow   CodePeer     Provers   Justified   Unproved
-------------------------------------------------------------------------------------------
Data Dependencies                 .         .          .           .           .          .
Flow Dependencies                 .         .          .           .           .          .
Initialization                    .         .          .           .           .          .
Non-Aliasing                      .         .          .           .           .          .
Run-time Checks                   .         .          .           .           .          .
Assertions                        .         .          .           .           .          .
Functional Contracts              5         .          .    5 (CVC4)           .          .
LSP Verification                  .         .          .           .           .          .
Termination                       .         .          .           .           .          .
Concurrency                       .         .          .           .           .          .
-------------------------------------------------------------------------------------------
Total                             5         .          .    5 (100%)           .          .


max steps used for successful proof: 1

Analyzed 1 unit
in unit aeroplane, 6 subprograms and packages out of 6 analyzed
  Aeroplane at aeroplane.ads:1 flow analyzed (0 errors, 0 checks and 0 warnings) and proved (0 checks)
  Aeroplane.LockDoor at aeroplane.ads:50 flow analyzed (0 errors, 0 checks and 0 warnings) and proved (1 checks)
  Aeroplane.OpenDoor at aeroplane.ads:40 flow analyzed (0 errors, 0 checks and 0 warnings) and proved (1 checks)
  Aeroplane.ShutDoor at aeroplane.ads:31 flow analyzed (0 errors, 0 checks and 0 warnings) and proved (1 checks)
  Aeroplane.TakeOff at aeroplane.ads:69 flow analyzed (0 errors, 0 checks and 0 warnings) and proved (1 checks)
  Aeroplane.UnlockDoor at aeroplane.ads:59 flow analyzed (0 errors, 0 checks and 0 warnings) and proved (1 checks)
