Summary of SPARK analysis
=========================

----------------------------------------------------------------------------------------------
SPARK Analysis results        Total        Flow   CodePeer      Provers   Justified   Unproved
----------------------------------------------------------------------------------------------
Data Dependencies                 .           .          .            .           .          .
Flow Dependencies                 .           .          .            .           .          .
Initialization                   13          13          .            .           .          .
Non-Aliasing                     13          13          .            .           .          .
Run-time Checks                  68           .          .    66 (CVC4)           .          2
Assertions                        .           .          .            .           .          .
Functional Contracts             36           .          .    35 (CVC4)           .          1
LSP Verification                  .           .          .            .           .          .
Termination                       .           .          .            .           .          .
Concurrency                       .           .          .            .           .          .
----------------------------------------------------------------------------------------------
Total                           130    26 (20%)          .    101 (78%)           .     3 (2%)


max steps used for successful proof: 2218

Analyzed 2 units
in unit aeroplane, 20 subprograms and packages out of 20 analyzed
  Aeroplane at aeroplane.ads:1 flow analyzed (0 errors, 0 checks and 0 warnings) and proved (0 checks)
  Aeroplane.CloseDoor at aeroplane.ads:86 flow analyzed (0 errors, 0 checks and 0 warnings) and proved (2 checks)
  Aeroplane.EngineOff at aeroplane.ads:106 flow analyzed (0 errors, 0 checks and 0 warnings) and proved (2 checks)
  Aeroplane.EngineOn at aeroplane.ads:111 flow analyzed (0 errors, 0 checks and 0 warnings) and proved (2 checks)
  Aeroplane.FlightSim at aeroplane.ads:210 flow analyzed (0 errors, 0 checks and 0 warnings) and proved (29 checks)
  Aeroplane.FlightStatus at aeroplane.ads:187 flow analyzed (0 errors, 0 checks and 4 warnings) and not proved, 24 checks out of 27 proved
  Aeroplane.LGearDown at aeroplane.ads:115 flow analyzed (0 errors, 0 checks and 0 warnings) and proved (2 checks)
  Aeroplane.LGearUp at aeroplane.ads:120 flow analyzed (0 errors, 0 checks and 0 warnings) and proved (2 checks)
  Aeroplane.LockDoor at aeroplane.ads:96 flow analyzed (0 errors, 0 checks and 0 warnings) and proved (2 checks)
  Aeroplane.MaintainNormalFlight at aeroplane.ads:161 flow analyzed (0 errors, 0 checks and 0 warnings) and proved (11 checks)
  Aeroplane.OpenDoor at aeroplane.ads:91 flow analyzed (0 errors, 0 checks and 0 warnings) and proved (2 checks)
  Aeroplane.SetFuelLevel at aeroplane.ads:81 flow analyzed (0 errors, 0 checks and 0 warnings) and proved (3 checks)
  Aeroplane.SetLanding at aeroplane.ads:168 flow analyzed (0 errors, 0 checks and 0 warnings) and proved (6 checks)
  Aeroplane.SetManual at aeroplane.ads:174 flow analyzed (0 errors, 0 checks and 0 warnings) and proved (1 checks)
  Aeroplane.SetNormal at aeroplane.ads:153 flow analyzed (0 errors, 0 checks and 0 warnings) and proved (1 checks)
  Aeroplane.SetStationary at aeroplane.ads:126 flow analyzed (0 errors, 0 checks and 0 warnings) and proved (2 checks)
  Aeroplane.SetTakeOff at aeroplane.ads:143 flow analyzed (0 errors, 0 checks and 0 warnings) and proved (6 checks)
  Aeroplane.SetTowMode at aeroplane.ads:132 flow analyzed (0 errors, 0 checks and 0 warnings) and proved (2 checks)
  Aeroplane.SystemCheck at aeroplane.ads:203 flow analyzed (0 errors, 0 checks and 0 warnings) and proved (0 checks)
  Aeroplane.UnlockDoor at aeroplane.ads:101 flow analyzed (0 errors, 0 checks and 0 warnings) and proved (2 checks)
in unit main, 0 subprograms and packages out of 1 analyzed
  Main at main.adb:5 skipped
