Summary of SPARK analysis
=========================

--------------------------------------------------------------------------------------------
SPARK Analysis results        Total      Flow   CodePeer      Provers   Justified   Unproved
--------------------------------------------------------------------------------------------
Data Dependencies                 .         .          .            .           .          .
Flow Dependencies                 .         .          .            .           .          .
Initialization                    .         .          .            .           .          .
Non-Aliasing                      .         .          .            .           .          .
Run-time Checks                   5         .          .     5 (CVC4)           .          .
Assertions                        .         .          .            .           .          .
Functional Contracts              6         .          .     6 (CVC4)           .          .
LSP Verification                  .         .          .            .           .          .
Termination                       .         .          .            .           .          .
Concurrency                       .         .          .            .           .          .
--------------------------------------------------------------------------------------------
Total                            11         .          .    11 (100%)           .          .


max steps used for successful proof: 1

Analyzed 1 unit
in unit aeroplane, 7 subprograms and packages out of 7 analyzed
  Aeroplane at aeroplane.ads:1 flow analyzed (0 errors, 0 checks and 0 warnings) and proved (0 checks)
  Aeroplane.LockDoor at aeroplane.ads:45 flow analyzed (0 errors, 0 checks and 0 warnings) and proved (2 checks)
  Aeroplane.OpenDoor at aeroplane.ads:39 flow analyzed (0 errors, 0 checks and 0 warnings) and proved (2 checks)
  Aeroplane.SetFuel at aeroplane.ads:58 flow analyzed (0 errors, 0 checks and 0 warnings) and proved (1 checks)
  Aeroplane.ShutDoor at aeroplane.ads:33 flow analyzed (0 errors, 0 checks and 0 warnings) and proved (2 checks)
  Aeroplane.TakeOff at aeroplane.ads:72 flow analyzed (0 errors, 0 checks and 0 warnings) and proved (2 checks)
  Aeroplane.UnlockDoor at aeroplane.ads:51 flow analyzed (0 errors, 0 checks and 0 warnings) and proved (2 checks)
