aeroplane.adb:9:39: subtype mark required in this context
aeroplane.adb:9:39: found "Plane" declared at aeroplane.ads:76
aeroplane.adb:13:10: invalid prefix in selected component "p"
aeroplane.adb:13:38: invalid prefix in selected component "p"
aeroplane.adb:13:69: invalid prefix in selected component "p"
aeroplane.adb:14:10: invalid prefix in selected component "p"
aeroplane.adb:17:10: invalid prefix in selected component "p"
aeroplane.adb:17:38: invalid prefix in selected component "p"
aeroplane.adb:17:70: invalid prefix in selected component "p"
aeroplane.adb:18:10: invalid prefix in selected component "p"
aeroplane.adb:22:10: invalid prefix in selected component "p"
aeroplane.adb:23:10: invalid prefix in selected component "p"
aeroplane.adb:24:13: invalid prefix in selected component "p"
aeroplane.adb:24:36: invalid prefix in selected component "p"
aeroplane.adb:25:10: invalid prefix in selected component "p"
aeroplane.adb:26:13: invalid prefix in selected component "p"
aeroplane.adb:26:36: invalid prefix in selected component "p"
aeroplane.adb:27:10: invalid prefix in selected component "p"
aeroplane.adb:29:10: invalid prefix in selected component "p"
aeroplane.adb:33:10: invalid prefix in selected component "p"
aeroplane.adb:33:33: invalid prefix in selected component "p"
aeroplane.adb:33:66: invalid prefix in selected component "p"
aeroplane.adb:34:10: invalid prefix in selected component "p"
aeroplane.adb:35:13: invalid prefix in selected component "p"
aeroplane.adb:35:37: invalid prefix in selected component "p"
aeroplane.adb:35:70: invalid prefix in selected component "p"
aeroplane.adb:35:102: invalid prefix in selected component "p"
aeroplane.adb:35:133: invalid prefix in selected component "p"
aeroplane.adb:36:10: invalid prefix in selected component "p"
aeroplane.adb:37:13: invalid prefix in selected component "p"
aeroplane.adb:37:37: invalid prefix in selected component "p"
aeroplane.adb:37:70: invalid prefix in selected component "p"
aeroplane.adb:37:102: invalid prefix in selected component "p"
aeroplane.adb:37:133: invalid prefix in selected component "p"
aeroplane.adb:38:10: invalid prefix in selected component "p"
aeroplane.adb:39:13: invalid prefix in selected component "p"
aeroplane.adb:40:10: invalid prefix in selected component "p"
aeroplane.adb:43:10: invalid prefix in selected component "p"
aeroplane.adb:43:33: invalid prefix in selected component "p"
aeroplane.adb:43:61: invalid prefix in selected component "p"
aeroplane.adb:44:10: invalid prefix in selected component "p"
aeroplane.adb:45:13: invalid prefix in selected component "p"
aeroplane.adb:45:37: invalid prefix in selected component "p"
aeroplane.adb:45:65: invalid prefix in selected component "p"
aeroplane.adb:45:92: invalid prefix in selected component "p"
aeroplane.adb:45:118: invalid prefix in selected component "p"
aeroplane.adb:46:10: invalid prefix in selected component "p"
aeroplane.adb:47:13: invalid prefix in selected component "p"
aeroplane.adb:47:37: invalid prefix in selected component "p"
aeroplane.adb:47:65: invalid prefix in selected component "p"
aeroplane.adb:47:92: invalid prefix in selected component "p"
aeroplane.adb:47:118: invalid prefix in selected component "p"
aeroplane.adb:48:10: invalid prefix in selected component "p"
aeroplane.adb:49:13: invalid prefix in selected component "p"
aeroplane.adb:50:10: invalid prefix in selected component "p"
aeroplane.adb:55:10: invalid prefix in selected component "p"
aeroplane.adb:55:32: invalid prefix in selected component "p"
aeroplane.adb:56:10: invalid prefix in selected component "p"
aeroplane.adb:57:13: invalid prefix in selected component "p"
aeroplane.adb:57:35: invalid prefix in selected component "p"
aeroplane.adb:58:10: invalid prefix in selected component "p"
aeroplane.adb:62:11: invalid prefix in selected component "p"
aeroplane.adb:62:36: invalid prefix in selected component "p"
aeroplane.adb:62:56: invalid prefix in selected component "p"
aeroplane.adb:63:10: invalid prefix in selected component "p"
aeroplane.adb:64:14: invalid prefix in selected component "p"
aeroplane.adb:64:39: invalid prefix in selected component "p"
aeroplane.adb:64:59: invalid prefix in selected component "p"
aeroplane.adb:65:10: invalid prefix in selected component "p"
aeroplane.adb:69:10: invalid prefix in selected component "p"
aeroplane.adb:69:33: invalid prefix in selected component "p"
aeroplane.adb:69:66: invalid prefix in selected component "p"
aeroplane.adb:70:10: invalid prefix in selected component "p"
aeroplane.adb:71:13: invalid prefix in selected component "p"
aeroplane.adb:72:10: invalid prefix in selected component "p"
aeroplane.adb:76:10: invalid prefix in selected component "p"
aeroplane.adb:76:33: invalid prefix in selected component "p"
aeroplane.adb:76:66: invalid prefix in selected component "p"
aeroplane.adb:77:10: invalid prefix in selected component "p"
aeroplane.adb:78:13: invalid prefix in selected component "p"
aeroplane.adb:79:10: invalid prefix in selected component "p"
aeroplane.adb:83:10: invalid prefix in selected component "p"
aeroplane.adb:83:29: invalid prefix in selected component "p"
aeroplane.adb:84:10: invalid prefix in selected component "p"
aeroplane.adb:85:13: invalid prefix in selected component "p"
aeroplane.adb:85:32: invalid prefix in selected component "p"
aeroplane.adb:86:10: invalid prefix in selected component "p"
aeroplane.adb:91:10: invalid prefix in selected component "p"
aeroplane.adb:91:30: invalid prefix in selected component "p"
aeroplane.adb:92:10: invalid prefix in selected component "p"
aeroplane.adb:99:35: invalid prefix in selected component "p"
aeroplane.adb:102:10: invalid prefix in selected component "p"
aeroplane.adb:105:38: invalid prefix in selected component "p"
aeroplane.adb:105:78: invalid prefix in selected component "p"
aeroplane.adb:105:133: invalid prefix in selected component "p"
aeroplane.adb:108:10: invalid prefix in selected component "p"
aeroplane.adb:111:39: invalid prefix in selected component "p"
aeroplane.adb:111:80: invalid prefix in selected component "p"
aeroplane.adb:111:136: invalid prefix in selected component "p"
aeroplane.adb:114:10: invalid prefix in selected component "p"
aeroplane.adb:117:33: invalid prefix in selected component "p"
aeroplane.adb:117:83: invalid prefix in selected component "p"
aeroplane.adb:120:10: invalid prefix in selected component "p"
aeroplane.adb:123:34: invalid prefix in selected component "p"
aeroplane.adb:123:93: invalid prefix in selected component "p"
aeroplane.adb:126:10: invalid prefix in selected component "p"
aeroplane.adb:129:35: invalid prefix in selected component "p"
aeroplane.adb:129:93: invalid prefix in selected component "p"
aeroplane.adb:132:10: invalid prefix in selected component "p"
aeroplane.adb:135:38: invalid prefix in selected component "p"
aeroplane.adb:135:97: invalid prefix in selected component "p"
aeroplane.adb:138:10: invalid prefix in selected component "p"
aeroplane.adb:141:32: invalid prefix in selected component "p"
aeroplane.adb:141:84: invalid prefix in selected component "p"
aeroplane.ads:82:39: subtype mark required in this context
aeroplane.ads:82:39: found "Plane" declared at line 76
