Summary of SPARK analysis
=========================

-------------------------------------------------------------------------------------------
SPARK Analysis results        Total      Flow   CodePeer     Provers   Justified   Unproved
-------------------------------------------------------------------------------------------
Data Dependencies                 .         .          .           .           .          .
Flow Dependencies                 .         .          .           .           .          .
Initialization                    .         .          .           .           .          .
Non-Aliasing                      .         .          .           .           .          .
Run-time Checks                   .         .          .           .           .          .
Assertions                        .         .          .           .           .          .
Functional Contracts              4         .          .    4 (CVC4)           .          .
LSP Verification                  .         .          .           .           .          .
Termination                       .         .          .           .           .          .
Concurrency                       .         .          .           .           .          .
-------------------------------------------------------------------------------------------
Total                             4         .          .    4 (100%)           .          .


max steps used for successful proof: 1

Analyzed 1 unit
in unit aeroplane, 5 subprograms and packages out of 5 analyzed
  Aeroplane at aeroplane.ads:1 flow analyzed (0 errors, 0 checks and 0 warnings) and proved (0 checks)
  Aeroplane.LockDoor at aeroplane.ads:48 flow analyzed (0 errors, 0 checks and 0 warnings) and proved (1 checks)
  Aeroplane.OpenDoor at aeroplane.ads:38 flow analyzed (0 errors, 0 checks and 0 warnings) and proved (1 checks)
  Aeroplane.ShutDoor at aeroplane.ads:29 flow analyzed (0 errors, 0 checks and 0 warnings) and proved (1 checks)
  Aeroplane.UnlockDoor at aeroplane.ads:57 flow analyzed (0 errors, 0 checks and 0 warnings) and proved (1 checks)
