Summary of SPARK analysis
=========================

-------------------------------------------------------------------------------------------
SPARK Analysis results        Total      Flow   CodePeer     Provers   Justified   Unproved
-------------------------------------------------------------------------------------------
Data Dependencies                 .         .          .           .           .          .
Flow Dependencies                 .         .          .           .           .          .
Initialization                    .         .          .           .           .          .
Non-Aliasing                      .         .          .           .           .          .
Run-time Checks                   .         .          .           .           .          .
Assertions                        .         .          .           .           .          .
Functional Contracts              1         .          .    1 (CVC4)           .          .
LSP Verification                  .         .          .           .           .          .
Termination                       .         .          .           .           .          .
Concurrency                       .         .          .           .           .          .
-------------------------------------------------------------------------------------------
Total                             1         .          .    1 (100%)           .          .


max steps used for successful proof: 1

Analyzed 1 unit
in unit aeroplane, 2 subprograms and packages out of 2 analyzed
  Aeroplane at aeroplane.ads:1 flow analyzed (0 errors, 0 checks and 0 warnings) and proved (0 checks)
  Aeroplane.ShutDoor at aeroplane.ads:28 flow analyzed (0 errors, 0 checks and 0 warnings) and proved (1 checks)
