Summary of SPARK analysis
=========================

--------------------------------------------------------------------------------------------
SPARK Analysis results        Total      Flow   CodePeer      Provers   Justified   Unproved
--------------------------------------------------------------------------------------------
Data Dependencies                 .         .          .            .           .          .
Flow Dependencies                 .         .          .            .           .          .
Initialization                    2         2          .            .           .          .
Non-Aliasing                      .         .          .            .           .          .
Run-time Checks                  30         .          .    27 (CVC4)           .          3
Assertions                        .         .          .            .           .          .
Functional Contracts              7         .          .     7 (CVC4)           .          .
LSP Verification                  .         .          .            .           .          .
Termination                       .         .          .            .           .          .
Concurrency                       .         .          .            .           .          .
--------------------------------------------------------------------------------------------
Total                            39    2 (5%)          .     34 (87%)           .     3 (8%)


max steps used for successful proof: 3176

Analyzed 2 units
in unit aeroplane, 9 subprograms and packages out of 9 analyzed
  Aeroplane at aeroplane.ads:1 flow analyzed (0 errors, 0 checks and 0 warnings) and proved (0 checks)
  Aeroplane.CloseDoor at aeroplane.ads:86 flow analyzed (0 errors, 0 checks and 0 warnings) and proved (1 checks)
  Aeroplane.FlightSim at aeroplane.ads:176 flow analyzed (0 errors, 0 checks and 0 warnings) and proved (3 checks)
  Aeroplane.FlightStatus at aeroplane.ads:153 flow analyzed (0 errors, 0 checks and 0 warnings) and not proved, 24 checks out of 27 proved
  Aeroplane.SetFuelLevel at aeroplane.ads:81 flow analyzed (0 errors, 0 checks and 0 warnings) and proved (3 checks)
  Aeroplane.SetNormal at aeroplane.ads:130 flow analyzed (0 errors, 0 checks and 0 warnings) and proved (1 checks)
  Aeroplane.SetTakeOff at aeroplane.ads:112 flow analyzed (0 errors, 0 checks and 0 warnings) and proved (1 checks)
  Aeroplane.SetTowMode at aeroplane.ads:93 flow analyzed (0 errors, 0 checks and 0 warnings) and proved (1 checks)
  Aeroplane.SystemCheck at aeroplane.ads:169 flow analyzed (0 errors, 0 checks and 0 warnings) and proved (0 checks)
in unit main, 0 subprograms and packages out of 1 analyzed
  Main at main.adb:5 skipped
