Summary of SPARK analysis
=========================

--------------------------------------------------------------------------------------------
SPARK Analysis results        Total      Flow   CodePeer      Provers   Justified   Unproved
--------------------------------------------------------------------------------------------
Data Dependencies                 .         .          .            .           .          .
Flow Dependencies                 .         .          .            .           .          .
Initialization                    .         .          .            .           .          .
Non-Aliasing                      .         .          .            .           .          .
Run-time Checks                  11         .          .    10 (CVC4)           .          1
Assertions                        .         .          .            .           .          .
Functional Contracts              .         .          .            .           .          .
LSP Verification                  .         .          .            .           .          .
Termination                       .         .          .            .           .          .
Concurrency                       .         .          .            .           .          .
--------------------------------------------------------------------------------------------
Total                            11         .          .     10 (91%)           .     1 (9%)


max steps used for successful proof: 128

Analyzed 1 unit
in unit aeroplane, 2 subprograms and packages out of 2 analyzed
  Aeroplane at aeroplane.ads:1 flow analyzed (0 errors, 0 checks and 0 warnings) and proved (0 checks)
  Aeroplane.FlightStatus at aeroplane.ads:81 flow analyzed (0 errors, 0 checks and 0 warnings) and not proved, 10 checks out of 11 proved
