aeroplane.adb:254:07: warning: statement has no effect[#67]
aeroplane.adb:254:75: warning: unused assignment to "p.CockpitDoor.Light"[#68]
aeroplane.adb:254:141: warning: unused assignment to "p.ExternalDoor.Light"[#69]
aeroplane.adb:254:194: warning: unused assignment to "p.Fuel.Light"[#70]
aeroplane.adb:254:233: warning: unused assignment to "p.Altitude.Light"[#71]
aeroplane.adb:254:269: warning: unused assignment to "p.AirSpeed.Light"[#72]
aeroplane.adb:254:314: warning: unused assignment to "p.LandingGear.Light"[#73]
aeroplane.adb:254:347: warning: unused assignment to "p.Engine.Light"[#74]
aeroplane.adb:258:27: warning: unused assignment[#75]
aeroplane.adb:259:07: warning: statement has no effect[#76]
aeroplane.adb:259:75: warning: unused assignment to "p.CockpitDoor.Light"[#77]
aeroplane.adb:259:141: warning: unused assignment to "p.ExternalDoor.Light"[#78]
aeroplane.adb:259:194: warning: unused assignment to "p.Fuel.Light"[#79]
aeroplane.adb:259:233: warning: unused assignment to "p.Altitude.Light"[#80]
aeroplane.adb:259:269: warning: unused assignment to "p.AirSpeed.Light"[#81]
aeroplane.adb:259:314: warning: unused assignment to "p.LandingGear.Light"[#82]
aeroplane.adb:259:347: warning: unused assignment to "p.Engine.Light"[#83]
aeroplane.adb:260:27: warning: unused assignment[#84]
aeroplane.adb:266:07: warning: statement has no effect[#85]
aeroplane.adb:266:75: warning: unused assignment to "p.CockpitDoor.Light"[#86]
aeroplane.adb:266:141: warning: unused assignment to "p.ExternalDoor.Light"[#87]
aeroplane.adb:266:194: warning: unused assignment to "p.Fuel.Light"[#88]
aeroplane.adb:266:233: warning: unused assignment to "p.Altitude.Light"[#89]
aeroplane.adb:266:269: warning: unused assignment to "p.AirSpeed.Light"[#90]
aeroplane.adb:266:314: warning: unused assignment to "p.LandingGear.Light"[#91]
aeroplane.adb:266:347: warning: unused assignment to "p.Engine.Light"[#92]
aeroplane.adb:270:28: warning: unused assignment[#93]
aeroplane.adb:271:07: warning: statement has no effect[#94]
aeroplane.adb:271:75: warning: unused assignment to "p.CockpitDoor.Light"[#95]
aeroplane.adb:271:141: warning: unused assignment to "p.ExternalDoor.Light"[#96]
aeroplane.adb:271:194: warning: unused assignment to "p.Fuel.Light"[#97]
aeroplane.adb:271:233: warning: unused assignment to "p.Altitude.Light"[#98]
aeroplane.adb:271:269: warning: unused assignment to "p.AirSpeed.Light"[#99]
aeroplane.adb:271:314: warning: unused assignment to "p.LandingGear.Light"[#100]
aeroplane.adb:271:347: warning: unused assignment to "p.Engine.Light"[#101]
aeroplane.adb:272:28: warning: unused assignment[#102]
aeroplane.adb:280:20: warning: unused assignment[#103]
aeroplane.adb:281:07: warning: statement has no effect[#104]
aeroplane.adb:281:75: warning: unused assignment to "p.CockpitDoor.Light"[#105]
aeroplane.adb:281:141: warning: unused assignment to "p.ExternalDoor.Light"[#106]
aeroplane.adb:281:194: warning: unused assignment to "p.Fuel.Light"[#107]
aeroplane.adb:281:233: warning: unused assignment to "p.Altitude.Light"[#108]
aeroplane.adb:281:269: warning: unused assignment to "p.AirSpeed.Light"[#109]
aeroplane.adb:281:314: warning: unused assignment to "p.LandingGear.Light"[#110]
aeroplane.adb:281:347: warning: unused assignment to "p.Engine.Light"[#111]
aeroplane.adb:284:20: warning: unused assignment[#112]
aeroplane.adb:285:07: warning: statement has no effect[#113]
aeroplane.adb:285:75: warning: unused assignment to "p.CockpitDoor.Light"[#114]
aeroplane.adb:285:141: warning: unused assignment to "p.ExternalDoor.Light"[#115]
aeroplane.adb:285:194: warning: unused assignment to "p.Fuel.Light"[#116]
aeroplane.adb:285:233: warning: unused assignment to "p.Altitude.Light"[#117]
aeroplane.adb:285:269: warning: unused assignment to "p.AirSpeed.Light"[#118]
aeroplane.adb:285:314: warning: unused assignment to "p.LandingGear.Light"[#119]
aeroplane.adb:285:347: warning: unused assignment to "p.Engine.Light"[#120]
aeroplane.adb:289:20: warning: unused assignment[#121]
aeroplane.adb:290:07: warning: statement has no effect[#122]
aeroplane.adb:290:75: warning: unused assignment to "p.CockpitDoor.Light"[#123]
aeroplane.adb:290:141: warning: unused assignment to "p.ExternalDoor.Light"[#124]
aeroplane.adb:290:194: warning: unused assignment to "p.Fuel.Light"[#125]
aeroplane.adb:290:233: warning: unused assignment to "p.Altitude.Light"[#126]
aeroplane.adb:290:269: warning: unused assignment to "p.AirSpeed.Light"[#127]
aeroplane.adb:290:314: warning: unused assignment to "p.LandingGear.Light"[#128]
aeroplane.adb:290:347: warning: unused assignment to "p.Engine.Light"[#129]
aeroplane.adb:294:20: warning: unused assignment[#130]
aeroplane.adb:295:07: warning: statement has no effect[#131]
aeroplane.adb:295:75: warning: unused assignment to "p.CockpitDoor.Light"[#132]
aeroplane.adb:295:141: warning: unused assignment to "p.ExternalDoor.Light"[#133]
aeroplane.adb:295:194: warning: unused assignment to "p.Fuel.Light"[#134]
aeroplane.adb:295:233: warning: unused assignment to "p.Altitude.Light"[#135]
aeroplane.adb:295:269: warning: unused assignment to "p.AirSpeed.Light"[#136]
aeroplane.adb:295:314: warning: unused assignment to "p.LandingGear.Light"[#137]
aeroplane.adb:295:347: warning: unused assignment to "p.Engine.Light"[#138]
aeroplane.adb:296:20: warning: unused assignment[#139]
aeroplane.adb:304:07: warning: statement has no effect[#140]
aeroplane.adb:304:75: warning: unused assignment to "p.CockpitDoor.Light"[#141]
aeroplane.adb:304:141: warning: unused assignment to "p.ExternalDoor.Light"[#142]
aeroplane.adb:304:194: warning: unused assignment to "p.Fuel.Light"[#143]
aeroplane.adb:304:233: warning: unused assignment to "p.Altitude.Light"[#144]
aeroplane.adb:304:269: warning: unused assignment to "p.AirSpeed.Light"[#145]
aeroplane.adb:304:314: warning: unused assignment to "p.LandingGear.Light"[#146]
aeroplane.adb:304:347: warning: unused assignment to "p.Engine.Light"[#147]
aeroplane.adb:308:16: warning: unused assignment[#148]
aeroplane.adb:309:28: warning: unused assignment[#149]
aeroplane.adb:310:26: warning: unused assignment[#150]
aeroplane.adb:311:29: warning: unused assignment[#151]
aeroplane.adb:312:27: warning: unused assignment[#152]
aeroplane.adb:313:20: warning: unused assignment[#153]
aeroplane.adb:314:24: warning: unused assignment[#154]
aeroplane.adb:315:30: warning: unused assignment[#155]
aeroplane.adb:316:23: warning: unused assignment[#156]
aeroplane.adb:319:27: warning: unused assignment[#157]
aeroplane.adb:320:07: warning: statement has no effect[#158]
aeroplane.adb:320:75: warning: unused assignment to "p.CockpitDoor.Light"[#159]
aeroplane.adb:320:141: warning: unused assignment to "p.ExternalDoor.Light"[#160]
aeroplane.adb:320:194: warning: unused assignment to "p.Fuel.Light"[#161]
aeroplane.adb:320:233: warning: unused assignment to "p.Altitude.Light"[#162]
aeroplane.adb:320:269: warning: unused assignment to "p.AirSpeed.Light"[#163]
aeroplane.adb:320:314: warning: unused assignment to "p.LandingGear.Light"[#164]
aeroplane.adb:320:347: warning: unused assignment to "p.Engine.Light"[#165]
aeroplane.adb:324:27: warning: unused assignment[#166]
aeroplane.adb:325:07: warning: statement has no effect[#167]
aeroplane.adb:325:75: warning: unused assignment to "p.CockpitDoor.Light"[#168]
aeroplane.adb:325:141: warning: unused assignment to "p.ExternalDoor.Light"[#169]
aeroplane.adb:325:194: warning: unused assignment to "p.Fuel.Light"[#170]
aeroplane.adb:325:233: warning: unused assignment to "p.Altitude.Light"[#171]
aeroplane.adb:325:269: warning: unused assignment to "p.AirSpeed.Light"[#172]
aeroplane.adb:325:314: warning: unused assignment to "p.LandingGear.Light"[#173]
aeroplane.adb:325:347: warning: unused assignment to "p.Engine.Light"[#174]
aeroplane.adb:329:27: warning: unused assignment[#175]
aeroplane.adb:330:07: warning: statement has no effect[#176]
aeroplane.adb:330:75: warning: unused assignment to "p.CockpitDoor.Light"[#177]
aeroplane.adb:330:141: warning: unused assignment to "p.ExternalDoor.Light"[#178]
aeroplane.adb:330:194: warning: unused assignment to "p.Fuel.Light"[#179]
aeroplane.adb:330:233: warning: unused assignment to "p.Altitude.Light"[#180]
aeroplane.adb:330:269: warning: unused assignment to "p.AirSpeed.Light"[#181]
aeroplane.adb:330:314: warning: unused assignment to "p.LandingGear.Light"[#182]
aeroplane.adb:330:347: warning: unused assignment to "p.Engine.Light"[#183]
aeroplane.adb:334:16: warning: unused assignment[#184]
aeroplane.adb:335:28: warning: unused assignment[#185]
aeroplane.adb:336:26: warning: unused assignment[#186]
aeroplane.adb:337:29: warning: unused assignment[#187]
aeroplane.adb:338:27: warning: unused assignment[#188]
aeroplane.adb:339:20: warning: unused assignment[#189]
aeroplane.adb:340:27: warning: unused assignment[#190]
aeroplane.adb:341:24: warning: unused assignment[#191]
aeroplane.adb:342:30: warning: unused assignment[#192]
aeroplane.adb:343:23: warning: unused assignment[#193]
aeroplane.adb:351:07: warning: statement has no effect[#194]
aeroplane.adb:351:75: warning: unused assignment to "p.CockpitDoor.Light"[#195]
aeroplane.adb:351:141: warning: unused assignment to "p.ExternalDoor.Light"[#196]
aeroplane.adb:351:194: warning: unused assignment to "p.Fuel.Light"[#197]
aeroplane.adb:351:233: warning: unused assignment to "p.Altitude.Light"[#198]
aeroplane.adb:351:269: warning: unused assignment to "p.AirSpeed.Light"[#199]
aeroplane.adb:351:314: warning: unused assignment to "p.LandingGear.Light"[#200]
aeroplane.adb:351:347: warning: unused assignment to "p.Engine.Light"[#201]
aeroplane.adb:355:16: warning: unused assignment[#202]
aeroplane.adb:356:28: warning: unused assignment[#203]
aeroplane.adb:357:26: warning: unused assignment[#204]
aeroplane.adb:358:29: warning: unused assignment[#205]
aeroplane.adb:359:27: warning: unused assignment[#206]
aeroplane.adb:360:20: warning: unused assignment[#207]
aeroplane.adb:361:27: warning: unused assignment[#208]
aeroplane.adb:362:30: warning: unused assignment[#209]
aeroplane.adb:363:23: warning: unused assignment[#210]
aeroplane.adb:366:24: warning: unused assignment[#211]
aeroplane.adb:367:07: warning: statement has no effect[#212]
aeroplane.adb:367:75: warning: unused assignment to "p.CockpitDoor.Light"[#213]
aeroplane.adb:367:141: warning: unused assignment to "p.ExternalDoor.Light"[#214]
aeroplane.adb:367:194: warning: unused assignment to "p.Fuel.Light"[#215]
aeroplane.adb:367:233: warning: unused assignment to "p.Altitude.Light"[#216]
aeroplane.adb:367:269: warning: unused assignment to "p.AirSpeed.Light"[#217]
aeroplane.adb:367:314: warning: unused assignment to "p.LandingGear.Light"[#218]
aeroplane.adb:367:347: warning: unused assignment to "p.Engine.Light"[#219]
aeroplane.adb:371:24: warning: unused assignment[#220]
aeroplane.adb:372:07: warning: statement has no effect[#221]
aeroplane.adb:372:75: warning: unused assignment to "p.CockpitDoor.Light"[#222]
aeroplane.adb:372:141: warning: unused assignment to "p.ExternalDoor.Light"[#223]
aeroplane.adb:372:194: warning: unused assignment to "p.Fuel.Light"[#224]
aeroplane.adb:372:233: warning: unused assignment to "p.Altitude.Light"[#225]
aeroplane.adb:372:269: warning: unused assignment to "p.AirSpeed.Light"[#226]
aeroplane.adb:372:314: warning: unused assignment to "p.LandingGear.Light"[#227]
aeroplane.adb:372:347: warning: unused assignment to "p.Engine.Light"[#228]
aeroplane.adb:376:24: warning: unused assignment[#229]
aeroplane.adb:377:07: warning: statement has no effect[#230]
aeroplane.adb:377:75: warning: unused assignment to "p.CockpitDoor.Light"[#231]
aeroplane.adb:377:141: warning: unused assignment to "p.ExternalDoor.Light"[#232]
aeroplane.adb:377:194: warning: unused assignment to "p.Fuel.Light"[#233]
aeroplane.adb:377:233: warning: unused assignment to "p.Altitude.Light"[#234]
aeroplane.adb:377:269: warning: unused assignment to "p.AirSpeed.Light"[#235]
aeroplane.adb:377:314: warning: unused assignment to "p.LandingGear.Light"[#236]
aeroplane.adb:377:347: warning: unused assignment to "p.Engine.Light"[#237]
aeroplane.adb:381:16: warning: unused assignment[#238]
aeroplane.adb:382:28: warning: unused assignment[#239]
aeroplane.adb:383:26: warning: unused assignment[#240]
aeroplane.adb:384:29: warning: unused assignment[#241]
aeroplane.adb:385:27: warning: unused assignment[#242]
aeroplane.adb:386:20: warning: unused assignment[#243]
aeroplane.adb:387:27: warning: unused assignment[#244]
aeroplane.adb:388:24: warning: unused assignment[#245]
aeroplane.adb:389:30: warning: unused assignment[#246]
aeroplane.adb:390:23: warning: unused assignment[#247]
aeroplane.adb:397:07: warning: statement has no effect[#248]
aeroplane.adb:397:75: warning: unused assignment to "p.CockpitDoor.Light"[#249]
aeroplane.adb:397:141: warning: unused assignment to "p.ExternalDoor.Light"[#250]
aeroplane.adb:397:194: warning: unused assignment to "p.Fuel.Light"[#251]
aeroplane.adb:397:233: warning: unused assignment to "p.Altitude.Light"[#252]
aeroplane.adb:397:269: warning: unused assignment to "p.AirSpeed.Light"[#253]
aeroplane.adb:397:314: warning: unused assignment to "p.LandingGear.Light"[#254]
aeroplane.adb:397:347: warning: unused assignment to "p.Engine.Light"[#255]
aeroplane.adb:401:16: warning: unused assignment[#256]
aeroplane.adb:402:28: warning: unused assignment[#257]
aeroplane.adb:403:26: warning: unused assignment[#258]
aeroplane.adb:404:29: warning: unused assignment[#259]
aeroplane.adb:405:27: warning: unused assignment[#260]
aeroplane.adb:406:20: warning: unused assignment[#261]
aeroplane.adb:407:27: warning: unused assignment[#262]
aeroplane.adb:408:30: warning: unused assignment[#263]
aeroplane.adb:409:23: warning: unused assignment[#264]
aeroplane.adb:413:07: warning: statement has no effect[#265]
aeroplane.adb:413:75: warning: unused assignment to "p.CockpitDoor.Light"[#266]
aeroplane.adb:413:141: warning: unused assignment to "p.ExternalDoor.Light"[#267]
aeroplane.adb:413:194: warning: unused assignment to "p.Fuel.Light"[#268]
aeroplane.adb:413:233: warning: unused assignment to "p.Altitude.Light"[#269]
aeroplane.adb:413:269: warning: unused assignment to "p.AirSpeed.Light"[#270]
aeroplane.adb:413:314: warning: unused assignment to "p.LandingGear.Light"[#271]
aeroplane.adb:413:347: warning: unused assignment to "p.Engine.Light"[#272]
aeroplane.adb:416:27: warning: unused assignment[#273]
aeroplane.adb:418:07: warning: statement has no effect[#274]
aeroplane.adb:418:75: warning: unused assignment to "p.CockpitDoor.Light"[#275]
aeroplane.adb:418:141: warning: unused assignment to "p.ExternalDoor.Light"[#276]
aeroplane.adb:418:194: warning: unused assignment to "p.Fuel.Light"[#277]
aeroplane.adb:418:233: warning: unused assignment to "p.Altitude.Light"[#278]
aeroplane.adb:418:269: warning: unused assignment to "p.AirSpeed.Light"[#279]
aeroplane.adb:418:314: warning: unused assignment to "p.LandingGear.Light"[#280]
aeroplane.adb:418:347: warning: unused assignment to "p.Engine.Light"[#281]
aeroplane.adb:422:16: warning: unused assignment[#282]
aeroplane.adb:423:28: warning: unused assignment[#283]
aeroplane.adb:424:26: warning: unused assignment[#284]
aeroplane.adb:425:29: warning: unused assignment[#285]
aeroplane.adb:426:27: warning: unused assignment[#286]
aeroplane.adb:427:20: warning: unused assignment[#287]
aeroplane.adb:428:27: warning: unused assignment[#288]
aeroplane.adb:429:24: warning: unused assignment[#289]
aeroplane.adb:430:30: warning: unused assignment[#290]
aeroplane.adb:431:23: warning: unused assignment[#291]
aeroplane.adb:439:07: warning: statement has no effect[#292]
aeroplane.adb:439:75: warning: unused assignment to "p.CockpitDoor.Light"[#293]
aeroplane.adb:439:141: warning: unused assignment to "p.ExternalDoor.Light"[#294]
aeroplane.adb:439:194: warning: unused assignment to "p.Fuel.Light"[#295]
aeroplane.adb:439:233: warning: unused assignment to "p.Altitude.Light"[#296]
aeroplane.adb:439:269: warning: unused assignment to "p.AirSpeed.Light"[#297]
aeroplane.adb:439:314: warning: unused assignment to "p.LandingGear.Light"[#298]
aeroplane.adb:439:347: warning: unused assignment to "p.Engine.Light"[#299]
aeroplane.adb:495:194: warning: unused assignment to "p.Fuel.Light"[#0]
aeroplane.adb:495:233: warning: unused assignment to "p.Altitude.Light"[#1]
aeroplane.adb:495:269: warning: unused assignment to "p.AirSpeed.Light"[#2]
aeroplane.adb:495:314: warning: unused assignment to "p.LandingGear.Light"[#3]
aeroplane.adb:505:194: warning: unused assignment to "p.Fuel.Light"[#4]
aeroplane.adb:505:233: warning: unused assignment to "p.Altitude.Light"[#5]
aeroplane.adb:505:269: warning: unused assignment to "p.AirSpeed.Light"[#6]
aeroplane.adb:505:314: warning: unused assignment to "p.LandingGear.Light"[#7]
aeroplane.adb:505:347: warning: unused assignment to "p.Engine.Light"[#8]
aeroplane.adb:512:122: warning: unused assignment to "p.LandingGear.Position"[#9]
aeroplane.adb:518:07: warning: statement has no effect[#10]
aeroplane.adb:518:75: warning: unused assignment to "p.CockpitDoor.Light"[#11]
aeroplane.adb:518:141: warning: unused assignment to "p.ExternalDoor.Light"[#12]
aeroplane.adb:518:194: warning: unused assignment to "p.Fuel.Light"[#13]
aeroplane.adb:518:233: warning: unused assignment to "p.Altitude.Light"[#14]
aeroplane.adb:518:269: warning: unused assignment to "p.AirSpeed.Light"[#15]
aeroplane.adb:518:314: warning: unused assignment to "p.LandingGear.Light"[#16]
aeroplane.adb:518:347: warning: unused assignment to "p.Engine.Light"[#17]
aeroplane.adb:526:20: warning: unused assignment[#18]
aeroplane.adb:534:07: warning: statement has no effect[#19]
aeroplane.adb:534:75: warning: unused assignment to "p.CockpitDoor.Light"[#20]
aeroplane.adb:534:141: warning: unused assignment to "p.ExternalDoor.Light"[#21]
aeroplane.adb:534:194: warning: unused assignment to "p.Fuel.Light"[#22]
aeroplane.adb:534:233: warning: unused assignment to "p.Altitude.Light"[#23]
aeroplane.adb:534:269: warning: unused assignment to "p.AirSpeed.Light"[#24]
aeroplane.adb:534:314: warning: unused assignment to "p.LandingGear.Light"[#25]
aeroplane.adb:534:347: warning: unused assignment to "p.Engine.Light"[#26]
aeroplane.adb:544:48: warning: unused assignment to "p.AirSpeed.Speed"[#27]
aeroplane.adb:544:66: warning: unused assignment to "p.Altitude.Altitude"[#28]
aeroplane.adb:549:07: warning: statement has no effect[#29]
aeroplane.adb:549:75: warning: unused assignment to "p.CockpitDoor.Light"[#30]
aeroplane.adb:549:141: warning: unused assignment to "p.ExternalDoor.Light"[#31]
aeroplane.adb:549:194: warning: unused assignment to "p.Fuel.Light"[#32]
aeroplane.adb:549:233: warning: unused assignment to "p.Altitude.Light"[#33]
aeroplane.adb:549:269: warning: unused assignment to "p.AirSpeed.Light"[#34]
aeroplane.adb:549:314: warning: unused assignment to "p.LandingGear.Light"[#35]
aeroplane.adb:549:347: warning: unused assignment to "p.Engine.Light"[#36]
aeroplane.adb:558:24: warning: unused assignment[#37]
aeroplane.adb:559:27: warning: unused assignment[#38]
aeroplane.adb:562:07: warning: statement has no effect[#39]
aeroplane.adb:562:75: warning: unused assignment to "p.CockpitDoor.Light"[#40]
aeroplane.adb:562:141: warning: unused assignment to "p.ExternalDoor.Light"[#41]
aeroplane.adb:562:194: warning: unused assignment to "p.Fuel.Light"[#42]
aeroplane.adb:562:233: warning: unused assignment to "p.Altitude.Light"[#43]
aeroplane.adb:562:269: warning: unused assignment to "p.AirSpeed.Light"[#44]
aeroplane.adb:562:314: warning: unused assignment to "p.LandingGear.Light"[#45]
aeroplane.adb:562:347: warning: unused assignment to "p.Engine.Light"[#46]
aeroplane.adb:567:24: warning: unused assignment[#47]
aeroplane.adb:572:07: warning: statement has no effect[#48]
aeroplane.adb:572:75: warning: unused assignment to "p.CockpitDoor.Light"[#49]
aeroplane.adb:572:141: warning: unused assignment to "p.ExternalDoor.Light"[#50]
aeroplane.adb:572:194: warning: unused assignment to "p.Fuel.Light"[#51]
aeroplane.adb:572:233: warning: unused assignment to "p.Altitude.Light"[#52]
aeroplane.adb:572:269: warning: unused assignment to "p.AirSpeed.Light"[#53]
aeroplane.adb:572:314: warning: unused assignment to "p.LandingGear.Light"[#54]
aeroplane.adb:572:347: warning: unused assignment to "p.Engine.Light"[#55]
aeroplane.adb:582:194: warning: unused assignment to "p.Fuel.Light"[#56]
aeroplane.adb:582:233: warning: unused assignment to "p.Altitude.Light"[#57]
aeroplane.adb:582:269: warning: unused assignment to "p.AirSpeed.Light"[#58]
aeroplane.adb:582:314: warning: unused assignment to "p.LandingGear.Light"[#59]
aeroplane.ads:178:62: medium: "cdLight" might not be initialized in "FlightStatus"[#61]
aeroplane.ads:178:124: medium: "edLight" might not be initialized in "FlightStatus"[#62]
aeroplane.ads:178:177: warning: unused variable "fmin"[#60]
aeroplane.ads:178:283: medium: "altlight" might not be initialized in "FlightStatus"[#63]
aeroplane.ads:178:335: medium: "aslight" might not be initialized in "FlightStatus"[#64]
aeroplane.ads:178:390: medium: "lglight" might not be initialized in "FlightStatus"[#65]
aeroplane.ads:178:440: medium: "eslight" might not be initialized in "FlightStatus"[#66]
