Summary of SPARK analysis
=========================

--------------------------------------------------------------------------------------------
SPARK Analysis results        Total      Flow   CodePeer      Provers   Justified   Unproved
--------------------------------------------------------------------------------------------
Data Dependencies                 .         .          .            .           .          .
Flow Dependencies                 .         .          .            .           .          .
Initialization                    .         .          .            .           .          .
Non-Aliasing                      .         .          .            .           .          .
Run-time Checks                  28         .          .    28 (CVC4)           .          .
Assertions                        .         .          .            .           .          .
Functional Contracts              4         .          .     3 (CVC4)           .          1
LSP Verification                  .         .          .            .           .          .
Termination                       .         .          .            .           .          .
Concurrency                       .         .          .            .           .          .
--------------------------------------------------------------------------------------------
Total                            32         .          .     31 (97%)           .     1 (3%)


max steps used for successful proof: 736

Analyzed 2 units
in unit aeroplane, 7 subprograms and packages out of 7 analyzed
  Aeroplane at aeroplane.ads:1 flow analyzed (0 errors, 0 checks and 0 warnings) and proved (0 checks)
  Aeroplane.EngineOn at aeroplane.ads:81 flow analyzed (0 errors, 0 checks and 0 warnings) and proved (1 checks)
  Aeroplane.FlightSim at aeroplane.ads:118 flow analyzed (0 errors, 0 checks and 0 warnings) and not proved, 2 checks out of 3 proved
  Aeroplane.FlightStatus at aeroplane.ads:108 flow analyzed (0 errors, 0 checks and 0 warnings) and proved (26 checks)
  Aeroplane.SetTakeOff at aeroplane.ads:99 flow analyzed (0 errors, 0 checks and 0 warnings) and proved (1 checks)
  Aeroplane.SetTowMode at aeroplane.ads:88 flow analyzed (0 errors, 0 checks and 0 warnings) and proved (1 checks)
  Aeroplane.SystemCheck at aeroplane.ads:113 flow analyzed (0 errors, 0 checks and 0 warnings) and proved (0 checks)
in unit main, 0 subprograms and packages out of 1 analyzed
  Main at main.adb:5 skipped
