aeroplane.adb:246:10: medium: "cdLight" might not be initialized[#1]
aeroplane.adb:249:101: medium: "cdLight" might not be initialized[#3]
aeroplane.adb:252:10: medium: "edLight" might not be initialized[#5]
aeroplane.adb:255:102: medium: "edLight" might not be initialized[#6]
aeroplane.adb:264:10: medium: "altlight" might not be initialized[#8]
aeroplane.adb:267:77: medium: "altlight" might not be initialized[#9]
aeroplane.adb:270:10: medium: "aslight" might not be initialized[#11]
aeroplane.adb:273:79: medium: "aslight" might not be initialized[#12]
aeroplane.adb:276:10: medium: "lglight" might not be initialized[#13]
aeroplane.adb:279:80: medium: "lglight" might not be initialized[#14]
aeroplane.adb:282:10: medium: "eslight" might not be initialized[#16]
aeroplane.adb:285:71: medium: "eslight" might not be initialized[#17]
aeroplane.adb:303:75: warning: unused assignment to "p.CockpitDoor.Light"[#19]
aeroplane.adb:303:141: warning: unused assignment to "p.ExternalDoor.Light"[#20]
aeroplane.adb:303:194: warning: unused assignment to "p.Fuel.Light"[#21]
aeroplane.adb:303:233: warning: unused assignment to "p.Altitude.Light"[#22]
aeroplane.adb:303:269: warning: unused assignment to "p.AirSpeed.Light"[#23]
aeroplane.adb:303:314: warning: unused assignment to "p.LandingGear.Light"[#24]
aeroplane.adb:303:347: warning: unused assignment to "p.Engine.Light"[#25]
aeroplane.adb:307:27: warning: unused assignment[#26]
aeroplane.adb:308:75: warning: unused assignment to "p.CockpitDoor.Light"[#27]
aeroplane.adb:308:141: warning: unused assignment to "p.ExternalDoor.Light"[#28]
aeroplane.adb:308:194: warning: unused assignment to "p.Fuel.Light"[#29]
aeroplane.adb:308:233: warning: unused assignment to "p.Altitude.Light"[#30]
aeroplane.adb:308:269: warning: unused assignment to "p.AirSpeed.Light"[#31]
aeroplane.adb:308:314: warning: unused assignment to "p.LandingGear.Light"[#32]
aeroplane.adb:308:347: warning: unused assignment to "p.Engine.Light"[#33]
aeroplane.adb:309:27: warning: unused assignment[#34]
aeroplane.adb:315:75: warning: unused assignment to "p.CockpitDoor.Light"[#35]
aeroplane.adb:315:141: warning: unused assignment to "p.ExternalDoor.Light"[#36]
aeroplane.adb:315:194: warning: unused assignment to "p.Fuel.Light"[#37]
aeroplane.adb:315:233: warning: unused assignment to "p.Altitude.Light"[#38]
aeroplane.adb:315:269: warning: unused assignment to "p.AirSpeed.Light"[#39]
aeroplane.adb:315:314: warning: unused assignment to "p.LandingGear.Light"[#40]
aeroplane.adb:315:347: warning: unused assignment to "p.Engine.Light"[#41]
aeroplane.adb:319:28: warning: unused assignment[#42]
aeroplane.adb:320:75: warning: unused assignment to "p.CockpitDoor.Light"[#43]
aeroplane.adb:320:141: warning: unused assignment to "p.ExternalDoor.Light"[#44]
aeroplane.adb:320:194: warning: unused assignment to "p.Fuel.Light"[#45]
aeroplane.adb:320:233: warning: unused assignment to "p.Altitude.Light"[#46]
aeroplane.adb:320:269: warning: unused assignment to "p.AirSpeed.Light"[#47]
aeroplane.adb:320:314: warning: unused assignment to "p.LandingGear.Light"[#48]
aeroplane.adb:320:347: warning: unused assignment to "p.Engine.Light"[#49]
aeroplane.adb:321:28: warning: unused assignment[#50]
aeroplane.adb:330:75: warning: unused assignment to "p.CockpitDoor.Light"[#51]
aeroplane.adb:330:141: warning: unused assignment to "p.ExternalDoor.Light"[#52]
aeroplane.adb:330:194: warning: unused assignment to "p.Fuel.Light"[#53]
aeroplane.adb:330:233: warning: unused assignment to "p.Altitude.Light"[#54]
aeroplane.adb:330:269: warning: unused assignment to "p.AirSpeed.Light"[#55]
aeroplane.adb:330:314: warning: unused assignment to "p.LandingGear.Light"[#56]
aeroplane.adb:330:347: warning: unused assignment to "p.Engine.Light"[#57]
aeroplane.adb:334:75: warning: unused assignment to "p.CockpitDoor.Light"[#58]
aeroplane.adb:334:141: warning: unused assignment to "p.ExternalDoor.Light"[#59]
aeroplane.adb:334:194: warning: unused assignment to "p.Fuel.Light"[#60]
aeroplane.adb:334:233: warning: unused assignment to "p.Altitude.Light"[#61]
aeroplane.adb:334:269: warning: unused assignment to "p.AirSpeed.Light"[#62]
aeroplane.adb:334:314: warning: unused assignment to "p.LandingGear.Light"[#63]
aeroplane.adb:334:347: warning: unused assignment to "p.Engine.Light"[#64]
aeroplane.adb:339:75: warning: unused assignment to "p.CockpitDoor.Light"[#65]
aeroplane.adb:339:141: warning: unused assignment to "p.ExternalDoor.Light"[#66]
aeroplane.adb:339:194: warning: unused assignment to "p.Fuel.Light"[#67]
aeroplane.adb:339:233: warning: unused assignment to "p.Altitude.Light"[#68]
aeroplane.adb:339:269: warning: unused assignment to "p.AirSpeed.Light"[#69]
aeroplane.adb:339:314: warning: unused assignment to "p.LandingGear.Light"[#70]
aeroplane.adb:339:347: warning: unused assignment to "p.Engine.Light"[#71]
aeroplane.adb:344:75: warning: unused assignment to "p.CockpitDoor.Light"[#72]
aeroplane.adb:344:141: warning: unused assignment to "p.ExternalDoor.Light"[#73]
aeroplane.adb:344:194: warning: unused assignment to "p.Fuel.Light"[#74]
aeroplane.adb:344:233: warning: unused assignment to "p.Altitude.Light"[#75]
aeroplane.adb:344:269: warning: unused assignment to "p.AirSpeed.Light"[#76]
aeroplane.adb:344:314: warning: unused assignment to "p.LandingGear.Light"[#77]
aeroplane.adb:344:347: warning: unused assignment to "p.Engine.Light"[#78]
aeroplane.adb:353:75: warning: unused assignment to "p.CockpitDoor.Light"[#79]
aeroplane.adb:353:141: warning: unused assignment to "p.ExternalDoor.Light"[#80]
aeroplane.adb:353:194: warning: unused assignment to "p.Fuel.Light"[#81]
aeroplane.adb:353:233: warning: unused assignment to "p.Altitude.Light"[#82]
aeroplane.adb:353:269: warning: unused assignment to "p.AirSpeed.Light"[#83]
aeroplane.adb:353:314: warning: unused assignment to "p.LandingGear.Light"[#84]
aeroplane.adb:353:347: warning: unused assignment to "p.Engine.Light"[#85]
aeroplane.adb:369:75: warning: unused assignment to "p.CockpitDoor.Light"[#86]
aeroplane.adb:369:141: warning: unused assignment to "p.ExternalDoor.Light"[#87]
aeroplane.adb:369:194: warning: unused assignment to "p.Fuel.Light"[#88]
aeroplane.adb:369:233: warning: unused assignment to "p.Altitude.Light"[#89]
aeroplane.adb:369:269: warning: unused assignment to "p.AirSpeed.Light"[#90]
aeroplane.adb:369:314: warning: unused assignment to "p.LandingGear.Light"[#91]
aeroplane.adb:369:347: warning: unused assignment to "p.Engine.Light"[#92]
aeroplane.adb:374:75: warning: unused assignment to "p.CockpitDoor.Light"[#93]
aeroplane.adb:374:141: warning: unused assignment to "p.ExternalDoor.Light"[#94]
aeroplane.adb:374:194: warning: unused assignment to "p.Fuel.Light"[#95]
aeroplane.adb:374:233: warning: unused assignment to "p.Altitude.Light"[#96]
aeroplane.adb:374:269: warning: unused assignment to "p.AirSpeed.Light"[#97]
aeroplane.adb:374:314: warning: unused assignment to "p.LandingGear.Light"[#98]
aeroplane.adb:374:347: warning: unused assignment to "p.Engine.Light"[#99]
aeroplane.adb:379:75: warning: unused assignment to "p.CockpitDoor.Light"[#100]
aeroplane.adb:379:141: warning: unused assignment to "p.ExternalDoor.Light"[#101]
aeroplane.adb:379:194: warning: unused assignment to "p.Fuel.Light"[#102]
aeroplane.adb:379:233: warning: unused assignment to "p.Altitude.Light"[#103]
aeroplane.adb:379:269: warning: unused assignment to "p.AirSpeed.Light"[#104]
aeroplane.adb:379:314: warning: unused assignment to "p.LandingGear.Light"[#105]
aeroplane.adb:379:347: warning: unused assignment to "p.Engine.Light"[#106]
aeroplane.adb:400:75: warning: unused assignment to "p.CockpitDoor.Light"[#107]
aeroplane.adb:400:141: warning: unused assignment to "p.ExternalDoor.Light"[#108]
aeroplane.adb:400:194: warning: unused assignment to "p.Fuel.Light"[#109]
aeroplane.adb:400:233: warning: unused assignment to "p.Altitude.Light"[#110]
aeroplane.adb:400:269: warning: unused assignment to "p.AirSpeed.Light"[#111]
aeroplane.adb:400:314: warning: unused assignment to "p.LandingGear.Light"[#112]
aeroplane.adb:400:347: warning: unused assignment to "p.Engine.Light"[#113]
aeroplane.adb:416:75: warning: unused assignment to "p.CockpitDoor.Light"[#114]
aeroplane.adb:416:141: warning: unused assignment to "p.ExternalDoor.Light"[#115]
aeroplane.adb:416:194: warning: unused assignment to "p.Fuel.Light"[#116]
aeroplane.adb:416:233: warning: unused assignment to "p.Altitude.Light"[#117]
aeroplane.adb:416:269: warning: unused assignment to "p.AirSpeed.Light"[#118]
aeroplane.adb:416:314: warning: unused assignment to "p.LandingGear.Light"[#119]
aeroplane.adb:416:347: warning: unused assignment to "p.Engine.Light"[#120]
aeroplane.adb:421:75: warning: unused assignment to "p.CockpitDoor.Light"[#121]
aeroplane.adb:421:141: warning: unused assignment to "p.ExternalDoor.Light"[#122]
aeroplane.adb:421:194: warning: unused assignment to "p.Fuel.Light"[#123]
aeroplane.adb:421:233: warning: unused assignment to "p.Altitude.Light"[#124]
aeroplane.adb:421:269: warning: unused assignment to "p.AirSpeed.Light"[#125]
aeroplane.adb:421:314: warning: unused assignment to "p.LandingGear.Light"[#126]
aeroplane.adb:421:347: warning: unused assignment to "p.Engine.Light"[#127]
aeroplane.adb:426:75: warning: unused assignment to "p.CockpitDoor.Light"[#128]
aeroplane.adb:426:141: warning: unused assignment to "p.ExternalDoor.Light"[#129]
aeroplane.adb:426:194: warning: unused assignment to "p.Fuel.Light"[#130]
aeroplane.adb:426:233: warning: unused assignment to "p.Altitude.Light"[#131]
aeroplane.adb:426:269: warning: unused assignment to "p.AirSpeed.Light"[#132]
aeroplane.adb:426:314: warning: unused assignment to "p.LandingGear.Light"[#133]
aeroplane.adb:426:347: warning: unused assignment to "p.Engine.Light"[#134]
aeroplane.adb:446:75: warning: unused assignment to "p.CockpitDoor.Light"[#135]
aeroplane.adb:446:141: warning: unused assignment to "p.ExternalDoor.Light"[#136]
aeroplane.adb:446:194: warning: unused assignment to "p.Fuel.Light"[#137]
aeroplane.adb:446:233: warning: unused assignment to "p.Altitude.Light"[#138]
aeroplane.adb:446:269: warning: unused assignment to "p.AirSpeed.Light"[#139]
aeroplane.adb:446:314: warning: unused assignment to "p.LandingGear.Light"[#140]
aeroplane.adb:446:347: warning: unused assignment to "p.Engine.Light"[#141]
aeroplane.adb:462:75: warning: unused assignment to "p.CockpitDoor.Light"[#142]
aeroplane.adb:462:141: warning: unused assignment to "p.ExternalDoor.Light"[#143]
aeroplane.adb:462:194: warning: unused assignment to "p.Fuel.Light"[#144]
aeroplane.adb:462:233: warning: unused assignment to "p.Altitude.Light"[#145]
aeroplane.adb:462:269: warning: unused assignment to "p.AirSpeed.Light"[#146]
aeroplane.adb:462:314: warning: unused assignment to "p.LandingGear.Light"[#147]
aeroplane.adb:462:347: warning: unused assignment to "p.Engine.Light"[#148]
aeroplane.adb:467:75: warning: unused assignment to "p.CockpitDoor.Light"[#149]
aeroplane.adb:467:141: warning: unused assignment to "p.ExternalDoor.Light"[#150]
aeroplane.adb:467:194: warning: unused assignment to "p.Fuel.Light"[#151]
aeroplane.adb:467:233: warning: unused assignment to "p.Altitude.Light"[#152]
aeroplane.adb:467:269: warning: unused assignment to "p.AirSpeed.Light"[#153]
aeroplane.adb:467:314: warning: unused assignment to "p.LandingGear.Light"[#154]
aeroplane.adb:467:347: warning: unused assignment to "p.Engine.Light"[#155]
aeroplane.adb:488:75: warning: unused assignment to "p.CockpitDoor.Light"[#156]
aeroplane.adb:488:141: warning: unused assignment to "p.ExternalDoor.Light"[#157]
aeroplane.adb:488:194: warning: unused assignment to "p.Fuel.Light"[#158]
aeroplane.adb:488:233: warning: unused assignment to "p.Altitude.Light"[#159]
aeroplane.adb:488:269: warning: unused assignment to "p.AirSpeed.Light"[#160]
aeroplane.adb:488:314: warning: unused assignment to "p.LandingGear.Light"[#161]
aeroplane.adb:488:347: warning: unused assignment to "p.Engine.Light"[#162]
aeroplane.adb:544:194: warning: unused assignment to "p.Fuel.Light"[#163]
aeroplane.adb:544:233: warning: unused assignment to "p.Altitude.Light"[#164]
aeroplane.adb:544:269: warning: unused assignment to "p.AirSpeed.Light"[#165]
aeroplane.adb:544:314: warning: unused assignment to "p.LandingGear.Light"[#166]
aeroplane.adb:554:194: warning: unused assignment to "p.Fuel.Light"[#167]
aeroplane.adb:554:233: warning: unused assignment to "p.Altitude.Light"[#168]
aeroplane.adb:554:269: warning: unused assignment to "p.AirSpeed.Light"[#169]
aeroplane.adb:554:314: warning: unused assignment to "p.LandingGear.Light"[#170]
aeroplane.adb:554:347: warning: unused assignment to "p.Engine.Light"[#171]
aeroplane.adb:567:75: warning: unused assignment to "p.CockpitDoor.Light"[#172]
aeroplane.adb:567:141: warning: unused assignment to "p.ExternalDoor.Light"[#173]
aeroplane.adb:567:194: warning: unused assignment to "p.Fuel.Light"[#174]
aeroplane.adb:567:233: warning: unused assignment to "p.Altitude.Light"[#175]
aeroplane.adb:567:269: warning: unused assignment to "p.AirSpeed.Light"[#176]
aeroplane.adb:567:314: warning: unused assignment to "p.LandingGear.Light"[#177]
aeroplane.adb:567:347: warning: unused assignment to "p.Engine.Light"[#178]
aeroplane.adb:583:75: warning: unused assignment to "p.CockpitDoor.Light"[#179]
aeroplane.adb:583:141: warning: unused assignment to "p.ExternalDoor.Light"[#180]
aeroplane.adb:583:194: warning: unused assignment to "p.Fuel.Light"[#181]
aeroplane.adb:583:233: warning: unused assignment to "p.Altitude.Light"[#182]
aeroplane.adb:583:269: warning: unused assignment to "p.AirSpeed.Light"[#183]
aeroplane.adb:583:314: warning: unused assignment to "p.LandingGear.Light"[#184]
aeroplane.adb:583:347: warning: unused assignment to "p.Engine.Light"[#185]
aeroplane.adb:598:75: warning: unused assignment to "p.CockpitDoor.Light"[#186]
aeroplane.adb:598:141: warning: unused assignment to "p.ExternalDoor.Light"[#187]
aeroplane.adb:598:194: warning: unused assignment to "p.Fuel.Light"[#188]
aeroplane.adb:598:233: warning: unused assignment to "p.Altitude.Light"[#189]
aeroplane.adb:598:269: warning: unused assignment to "p.AirSpeed.Light"[#190]
aeroplane.adb:598:314: warning: unused assignment to "p.LandingGear.Light"[#191]
aeroplane.adb:598:347: warning: unused assignment to "p.Engine.Light"[#192]
aeroplane.adb:611:75: warning: unused assignment to "p.CockpitDoor.Light"[#193]
aeroplane.adb:611:141: warning: unused assignment to "p.ExternalDoor.Light"[#194]
aeroplane.adb:611:194: warning: unused assignment to "p.Fuel.Light"[#195]
aeroplane.adb:611:233: warning: unused assignment to "p.Altitude.Light"[#196]
aeroplane.adb:611:269: warning: unused assignment to "p.AirSpeed.Light"[#197]
aeroplane.adb:611:314: warning: unused assignment to "p.LandingGear.Light"[#198]
aeroplane.adb:611:347: warning: unused assignment to "p.Engine.Light"[#199]
aeroplane.adb:621:75: warning: unused assignment to "p.CockpitDoor.Light"[#200]
aeroplane.adb:621:141: warning: unused assignment to "p.ExternalDoor.Light"[#201]
aeroplane.adb:621:194: warning: unused assignment to "p.Fuel.Light"[#202]
aeroplane.adb:621:233: warning: unused assignment to "p.Altitude.Light"[#203]
aeroplane.adb:621:269: warning: unused assignment to "p.AirSpeed.Light"[#204]
aeroplane.adb:621:314: warning: unused assignment to "p.LandingGear.Light"[#205]
aeroplane.adb:621:347: warning: unused assignment to "p.Engine.Light"[#206]
aeroplane.adb:631:194: warning: unused assignment to "p.Fuel.Light"[#207]
aeroplane.adb:631:233: warning: unused assignment to "p.Altitude.Light"[#208]
aeroplane.adb:631:269: warning: unused assignment to "p.AirSpeed.Light"[#209]
aeroplane.adb:631:314: warning: unused assignment to "p.LandingGear.Light"[#210]
aeroplane.ads:178:62: medium: "cdLight" might not be initialized in "FlightStatus"[#2]
aeroplane.ads:178:124: medium: "edLight" might not be initialized in "FlightStatus"[#4]
aeroplane.ads:178:177: warning: unused variable "fmin"[#0]
aeroplane.ads:178:283: medium: "altlight" might not be initialized in "FlightStatus"[#7]
aeroplane.ads:178:335: medium: "aslight" might not be initialized in "FlightStatus"[#10]
aeroplane.ads:178:390: medium: "lglight" might not be initialized in "FlightStatus"[#15]
aeroplane.ads:178:440: medium: "eslight" might not be initialized in "FlightStatus"[#18]
