Summary of SPARK analysis
=========================

--------------------------------------------------------------------------------------------
SPARK Analysis results        Total      Flow   CodePeer      Provers   Justified   Unproved
--------------------------------------------------------------------------------------------
Data Dependencies                 .         .          .            .           .          .
Flow Dependencies                 .         .          .            .           .          .
Initialization                    1         1          .            .           .          .
Non-Aliasing                      .         .          .            .           .          .
Run-time Checks                  30         .          .    30 (CVC4)           .          .
Assertions                        .         .          .            .           .          .
Functional Contracts              5         .          .     5 (CVC4)           .          .
LSP Verification                  .         .          .            .           .          .
Termination                       .         .          .            .           .          .
Concurrency                       .         .          .            .           .          .
--------------------------------------------------------------------------------------------
Total                            36    1 (3%)          .     35 (97%)           .          .


max steps used for successful proof: 3176

Analyzed 2 units
in unit aeroplane, 8 subprograms and packages out of 8 analyzed
  Aeroplane at aeroplane.ads:1 flow analyzed (0 errors, 0 checks and 0 warnings) and proved (0 checks)
  Aeroplane.FlightSim at aeroplane.ads:173 flow analyzed (0 errors, 0 checks and 0 warnings) and proved (2 checks)
  Aeroplane.FlightStatus at aeroplane.ads:150 flow analyzed (0 errors, 0 checks and 0 warnings) and proved (27 checks)
  Aeroplane.SetFuelLevel at aeroplane.ads:81 flow analyzed (0 errors, 0 checks and 0 warnings) and proved (3 checks)
  Aeroplane.SetNormal at aeroplane.ads:127 flow analyzed (0 errors, 0 checks and 0 warnings) and proved (1 checks)
  Aeroplane.SetTakeOff at aeroplane.ads:109 flow analyzed (0 errors, 0 checks and 0 warnings) and proved (1 checks)
  Aeroplane.SetTowMode at aeroplane.ads:90 flow analyzed (0 errors, 0 checks and 0 warnings) and proved (1 checks)
  Aeroplane.SystemCheck at aeroplane.ads:166 flow analyzed (0 errors, 0 checks and 0 warnings) and proved (0 checks)
in unit main, 0 subprograms and packages out of 1 analyzed
  Main at main.adb:5 skipped
