Summary of SPARK analysis
=========================

----------------------------------------------------------------------------------------------
SPARK Analysis results        Total        Flow   CodePeer      Provers   Justified   Unproved
----------------------------------------------------------------------------------------------
Data Dependencies                 .           .          .            .           .          .
Flow Dependencies                 .           .          .            .           .          .
Initialization                    8           8          .            .           .          .
Non-Aliasing                      3           3          .            .           .          .
Run-time Checks                  37           .          .    36 (CVC4)           .          1
Assertions                        .           .          .            .           .          .
Functional Contracts             18           .          .    18 (CVC4)           .          .
LSP Verification                  .           .          .            .           .          .
Termination                       .           .          .            .           .          .
Concurrency                       .           .          .            .           .          .
----------------------------------------------------------------------------------------------
Total                            66    11 (17%)          .     54 (82%)           .     1 (2%)


max steps used for successful proof: 3176

Analyzed 2 units
in unit aeroplane, 14 subprograms and packages out of 14 analyzed
  Aeroplane at aeroplane.ads:1 flow analyzed (0 errors, 0 checks and 0 warnings) and proved (0 checks)
  Aeroplane.CloseDoor at aeroplane.ads:86 flow analyzed (0 errors, 0 checks and 0 warnings) and proved (2 checks)
  Aeroplane.EngineOff at aeroplane.ads:106 flow analyzed (0 errors, 0 checks and 0 warnings) and proved (2 checks)
  Aeroplane.EngineOn at aeroplane.ads:111 flow analyzed (0 errors, 0 checks and 0 warnings) and proved (2 checks)
  Aeroplane.FlightSim at aeroplane.ads:199 flow analyzed (0 errors, 0 checks and 0 warnings) and proved (9 checks)
  Aeroplane.FlightStatus at aeroplane.ads:176 flow analyzed (0 errors, 0 checks and 0 warnings) and not proved, 26 checks out of 27 proved
  Aeroplane.LockDoor at aeroplane.ads:96 flow analyzed (0 errors, 0 checks and 0 warnings) and proved (2 checks)
  Aeroplane.OpenDoor at aeroplane.ads:91 flow analyzed (0 errors, 0 checks and 0 warnings) and proved (2 checks)
  Aeroplane.SetFuelLevel at aeroplane.ads:81 flow analyzed (0 errors, 0 checks and 0 warnings) and proved (3 checks)
  Aeroplane.SetNormal at aeroplane.ads:153 flow analyzed (0 errors, 0 checks and 0 warnings) and proved (1 checks)
  Aeroplane.SetTakeOff at aeroplane.ads:135 flow analyzed (0 errors, 0 checks and 0 warnings) and proved (1 checks)
  Aeroplane.SetTowMode at aeroplane.ads:117 flow analyzed (0 errors, 0 checks and 0 warnings) and proved (2 checks)
  Aeroplane.SystemCheck at aeroplane.ads:192 flow analyzed (0 errors, 0 checks and 0 warnings) and proved (0 checks)
  Aeroplane.UnlockDoor at aeroplane.ads:101 flow analyzed (0 errors, 0 checks and 0 warnings) and proved (2 checks)
in unit main, 0 subprograms and packages out of 1 analyzed
  Main at main.adb:5 skipped
