Summary of SPARK analysis
=========================

-----------------------------------------------------------------------------------------
SPARK Analysis results        Total      Flow   CodePeer   Provers   Justified   Unproved
-----------------------------------------------------------------------------------------
Data Dependencies                 .         .          .         .           .          .
Flow Dependencies                 .         .          .         .           .          .
Initialization                    .         .          .         .           .          .
Non-Aliasing                      .         .          .         .           .          .
Run-time Checks                   .         .          .         .           .          .
Assertions                        .         .          .         .           .          .
Functional Contracts              .         .          .         .           .          .
LSP Verification                  .         .          .         .           .          .
Termination                       .         .          .         .           .          .
Concurrency                       .         .          .         .           .          .
-----------------------------------------------------------------------------------------
Total                             .         .          .         .           .          .


max steps used for successful proof: 0

Analyzed 2 units
in unit aeroplane, 17 subprograms and packages out of 17 analyzed
  Aeroplane at aeroplane.ads:1 flow analyzed (0 errors, 0 checks and 0 warnings)
  Aeroplane.CloseDoor at aeroplane.ads:86 flow analyzed (0 errors, 0 checks and 0 warnings)
  Aeroplane.EngineOff at aeroplane.ads:106 flow analyzed (0 errors, 0 checks and 0 warnings)
  Aeroplane.EngineOn at aeroplane.ads:111 flow analyzed (0 errors, 0 checks and 0 warnings)
  Aeroplane.FlightSim at aeroplane.ads:193 flow analyzed (0 errors, 0 checks and 0 warnings)
  Aeroplane.FlightStatus at aeroplane.ads:170 flow analyzed (0 errors, 0 checks and 0 warnings)
  Aeroplane.LockDoor at aeroplane.ads:96 flow analyzed (0 errors, 0 checks and 0 warnings)
  Aeroplane.MaintainNormalFlight at aeroplane.ads:153 flow analyzed (0 errors, 0 checks and 0 warnings)
  Aeroplane.OpenDoor at aeroplane.ads:91 flow analyzed (0 errors, 0 checks and 0 warnings)
  Aeroplane.SetFuelLevel at aeroplane.ads:81 flow analyzed (0 errors, 0 checks and 0 warnings)
  Aeroplane.SetLanding at aeroplane.ads:160 flow analyzed (0 errors, 0 checks and 0 warnings)
  Aeroplane.SetNormal at aeroplane.ads:144 flow analyzed (0 errors, 0 checks and 0 warnings)
  Aeroplane.SetStationary at aeroplane.ads:117 flow analyzed (0 errors, 0 checks and 0 warnings)
  Aeroplane.SetTakeOff at aeroplane.ads:134 flow analyzed (0 errors, 0 checks and 0 warnings)
  Aeroplane.SetTowMode at aeroplane.ads:123 flow analyzed (0 errors, 0 checks and 0 warnings)
  Aeroplane.SystemCheck at aeroplane.ads:186 flow analyzed (0 errors, 0 checks and 0 warnings)
  Aeroplane.UnlockDoor at aeroplane.ads:101 flow analyzed (0 errors, 0 checks and 0 warnings)
in unit main, 0 subprograms and packages out of 1 analyzed
  Main at main.adb:5 skipped
