Summary of SPARK analysis
=========================

--------------------------------------------------------------------------------------------
SPARK Analysis results        Total      Flow   CodePeer      Provers   Justified   Unproved
--------------------------------------------------------------------------------------------
Data Dependencies                 .         .          .            .           .          .
Flow Dependencies                 .         .          .            .           .          .
Initialization                    1         1          .            .           .          .
Non-Aliasing                      .         .          .            .           .          .
Run-time Checks                  40         .          .    40 (CVC4)           .          .
Assertions                        .         .          .            .           .          .
Functional Contracts              7         .          .     7 (CVC4)           .          .
LSP Verification                  .         .          .            .           .          .
Termination                       .         .          .            .           .          .
Concurrency                       .         .          .            .           .          .
--------------------------------------------------------------------------------------------
Total                            48    1 (2%)          .     47 (98%)           .          .


max steps used for successful proof: 1

Analyzed 1 unit
in unit aeroplane, 10 subprograms and packages out of 10 analyzed
  Aeroplane at aeroplane.ads:1 flow analyzed (0 errors, 0 checks and 0 warnings) and proved (0 checks)
  Aeroplane.FlightStatus at aeroplane.ads:111 flow analyzed (0 errors, 0 checks and 0 warnings) and proved (13 checks)
  Aeroplane.Landing at aeroplane.ads:103 flow analyzed (0 errors, 0 checks and 0 warnings) and proved (0 checks)
  Aeroplane.LockDoor at aeroplane.ads:59 flow analyzed (0 errors, 0 checks and 0 warnings) and proved (2 checks)
  Aeroplane.MaintainNormalFlight at aeroplane.ads:97 flow analyzed (0 errors, 0 checks and 0 warnings) and proved (21 checks)
  Aeroplane.OpenDoor at aeroplane.ads:53 flow analyzed (0 errors, 0 checks and 0 warnings) and proved (2 checks)
  Aeroplane.SetFuel at aeroplane.ads:72 flow analyzed (0 errors, 0 checks and 0 warnings) and proved (3 checks)
  Aeroplane.ShutDoor at aeroplane.ads:47 flow analyzed (0 errors, 0 checks and 0 warnings) and proved (2 checks)
  Aeroplane.TakeOff at aeroplane.ads:85 flow analyzed (0 errors, 0 checks and 0 warnings) and proved (2 checks)
  Aeroplane.UnlockDoor at aeroplane.ads:65 flow analyzed (0 errors, 0 checks and 0 warnings) and proved (2 checks)
